<?xml version="1.0" encoding="UTF-8"?>
<!-- Generated by org.testng.reporters.JUnitReportReporter -->
<testsuite hostname="DESKTOP-8GQ3KA3" failures="0" tests="6" name="testng.P7_EbayParameterDataProviderFromExcel" time="23.411" errors="0" timestamp="2024-02-14T19:08:32 IST" skipped="0">
  <testcase classname="testng.P7_EbayParameterDataProviderFromExcel" name="browserSetting" time="0.345"/>
  <testcase classname="testng.P7_EbayParameterDataProviderFromExcel" name="navigateURL" time="3.261"/>
  <testcase classname="testng.P7_EbayParameterDataProviderFromExcel" name="getPageInfo" time="0.189"/>
  <testcase classname="testng.P7_EbayParameterDataProviderFromExcel" name="searchMultipleProduct" time="6.581"/>
  <testcase classname="testng.P7_EbayParameterDataProviderFromExcel" name="searchMultipleProduct" time="2.830"/>
  <testcase classname="testng.P7_EbayParameterDataProviderFromExcel" name="searchMultipleProduct" time="10.205"/>
</testsuite> <!-- testng.P7_EbayParameterDataProviderFromExcel -->
