<?xml version="1.0" encoding="UTF-8"?>
<!-- Generated by org.testng.reporters.JUnitReportReporter -->
<testsuite hostname="DESKTOP-8GQ3KA3" failures="0" tests="4" name="testng.P14_EbayTestNGISuiteListenerXMLLevel" time="11.370" errors="0" timestamp="2024-02-15T19:17:16 IST" skipped="0">
  <testcase classname="testng.P14_EbayTestNGISuiteListenerXMLLevel" name="browserSetting" time="0.301"/>
  <testcase classname="testng.P14_EbayTestNGISuiteListenerXMLLevel" name="navigateURL" time="3.161"/>
  <testcase classname="testng.P14_EbayTestNGISuiteListenerXMLLevel" name="getPageInfo" time="0.322"/>
  <testcase classname="testng.P14_EbayTestNGISuiteListenerXMLLevel" name="searchProduct" time="7.586"/>
</testsuite> <!-- testng.P14_EbayTestNGISuiteListenerXMLLevel -->
