<?xml version="1.0" encoding="UTF-8"?>
<!-- Generated by org.testng.reporters.JUnitReportReporter -->
<testsuite hostname="DESKTOP-8GQ3KA3" failures="0" tests="2" name="runner.TestNGRunner" time="36.360" errors="0" timestamp="2024-02-03T19:00:59 IST" skipped="0">
  <testcase classname="runner.TestNGRunner" name="runScenario" time="15.905"/>
  <testcase classname="runner.TestNGRunner" name="runScenario" time="20.455"/>
</testsuite> <!-- runner.TestNGRunner -->
