<?xml version="1.0" encoding="UTF-8"?>
<!-- Generated by org.testng.reporters.JUnitReportReporter -->
<testsuite hostname="DESKTOP-8GQ3KA3" failures="0" tests="7" name="testng.P2_AllAnnotationMethods" time="0.196" errors="0" timestamp="2024-02-09T19:03:58 IST" skipped="0">
  <testcase classname="testng.P2_AllAnnotationMethods" name="testcase1" time="0.029"/>
  <testcase classname="testng.P2_AllAnnotationMethods" name="Zestcase2" time="0.018"/>
  <testcase classname="testng.P2_AllAnnotationMethods" name="aestcase3" time="0.018"/>
  <testcase classname="testng.P2_AllAnnotationMethods" name="aestcase3" time="0.032"/>
  <testcase classname="testng.P2_AllAnnotationMethods" name="aestcase3" time="0.055"/>
  <testcase classname="testng.P2_AllAnnotationMethods" name="aestcase3" time="0.021"/>
  <testcase classname="testng.P2_AllAnnotationMethods" name="aestcase3" time="0.023"/>
</testsuite> <!-- testng.P2_AllAnnotationMethods -->
