<?xml version="1.0" encoding="UTF-8"?>
<!-- Generated by org.testng.reporters.JUnitReportReporter -->
<testsuite hostname="DESKTOP-8GQ3KA3" failures="0" tests="4" name="testng.P13_EbayTestNGISuiteListenerClassLevel" time="11.664" errors="0" timestamp="2024-02-15T19:14:32 IST" skipped="0">
  <testcase classname="testng.P13_EbayTestNGISuiteListenerClassLevel" name="browserSetting" time="0.308"/>
  <testcase classname="testng.P13_EbayTestNGISuiteListenerClassLevel" name="navigateURL" time="3.680"/>
  <testcase classname="testng.P13_EbayTestNGISuiteListenerClassLevel" name="getPageInfo" time="0.232"/>
  <testcase classname="testng.P13_EbayTestNGISuiteListenerClassLevel" name="searchProduct" time="7.444"/>
</testsuite> <!-- testng.P13_EbayTestNGISuiteListenerClassLevel -->
