<?xml version="1.0" encoding="UTF-8"?>
<!-- Generated by org.testng.reporters.JUnitReportReporter -->
<testsuite hostname="DESKTOP-8GQ3KA3" failures="0" tests="8" name="testng.P5_EbayParameter" time="47.193" errors="0" timestamp="2024-02-10T08:07:05 IST" skipped="0">
  <testcase classname="testng.P5_EbayParameter" name="browserSetting" time="0.669"/>
  <testcase classname="testng.P5_EbayParameter" name="browserSetting" time="3.814"/>
  <testcase classname="testng.P5_EbayParameter" name="navigateURL" time="18.438"/>
  <testcase classname="testng.P5_EbayParameter" name="navigateURL" time="5.223"/>
  <testcase classname="testng.P5_EbayParameter" name="getPageInfo" time="0.413"/>
  <testcase classname="testng.P5_EbayParameter" name="getPageInfo" time="6.976"/>
  <testcase classname="testng.P5_EbayParameter" name="searchProduct" time="6.928"/>
  <testcase classname="testng.P5_EbayParameter" name="searchProduct" time="4.732"/>
</testsuite> <!-- testng.P5_EbayParameter -->
