<?xml version="1.0" encoding="UTF-8"?>
<!-- Generated by org.testng.reporters.JUnitReportReporter -->
<testsuite hostname="DESKTOP-8GQ3KA3" failures="0" tests="4" name="testng.P4_EbayChild" time="9.843" errors="0" timestamp="2024-02-10T07:49:07 IST" skipped="0">
  <testcase classname="testng.P4_EbayChild" name="browserSetting" time="0.558"/>
  <testcase classname="testng.P4_EbayChild" name="navigateURL" time="3.691"/>
  <testcase classname="testng.P4_EbayChild" name="getPageInfo" time="0.147"/>
  <testcase classname="testng.P4_EbayChild" name="searchProduct" time="5.447"/>
</testsuite> <!-- testng.P4_EbayChild -->
