<?xml version="1.0" encoding="UTF-8"?>
<!-- Generated by org.testng.reporters.JUnitReportReporter -->
<testsuite hostname="DESKTOP-8GQ3KA3" failures="0" tests="5" name="testng.P4_AmazonChild" time="13.187" errors="0" timestamp="2024-02-10T07:49:07 IST" skipped="0">
  <testcase classname="testng.P4_AmazonChild" name="browserSetting" time="0.296"/>
  <testcase classname="testng.P4_AmazonChild" name="navigateURL" time="5.353"/>
  <testcase classname="testng.P4_AmazonChild" name="getPageInfo" time="0.479"/>
  <testcase classname="testng.P4_AmazonChild" name="searchProduct" time="6.996"/>
  <testcase classname="testng.P4_AmazonChild" name="getSearchResult" time="0.063"/>
</testsuite> <!-- testng.P4_AmazonChild -->
