<?xml version="1.0" encoding="UTF-8"?>
<!-- Generated by org.testng.reporters.JUnitReportReporter -->
<testsuite hostname="DESKTOP-8GQ3KA3" failures="0" tests="3" name="testng.P1_AllAnnotation" time="0.044" errors="0" timestamp="2024-02-09T18:51:05 IST" skipped="0">
  <testcase classname="testng.P1_AllAnnotation" name="testcase1" time="0.015"/>
  <testcase classname="testng.P1_AllAnnotation" name="testcase3" time="0.010"/>
  <testcase classname="testng.P1_AllAnnotation" name="testcase2" time="0.019"/>
</testsuite> <!-- testng.P1_AllAnnotation -->
