<?xml version="1.0" encoding="UTF-8"?>
<!-- Generated by org.testng.reporters.JUnitReportReporter -->
<testsuite hostname="DESKTOP-8GQ3KA3" failures="0" tests="2" name="testng.P9_EbayTestNGroups" time="4.678" errors="0" timestamp="2024-02-15T18:47:46 IST" skipped="0">
  <testcase classname="testng.P9_EbayTestNGroups" name="navigateURL" time="4.118"/>
  <testcase classname="testng.P9_EbayTestNGroups" name="getPageInfo" time="0.560"/>
</testsuite> <!-- testng.P9_EbayTestNGroups -->
