<?xml version="1.0" encoding="UTF-8"?>
<!-- Generated by org.testng.reporters.JUnitReportReporter -->
<testsuite hostname="DESKTOP-8GQ3KA3" failures="0" tests="4" name="testng.P3_EbayTestNG" time="10.041" errors="0" timestamp="2024-02-09T19:06:24 IST" skipped="0">
  <testcase classname="testng.P3_EbayTestNG" name="browserSetting" time="0.277"/>
  <testcase classname="testng.P3_EbayTestNG" name="navigateURL" time="3.278"/>
  <testcase classname="testng.P3_EbayTestNG" name="getPageInfo" time="0.123"/>
  <testcase classname="testng.P3_EbayTestNG" name="searchProduct" time="6.363"/>
</testsuite> <!-- testng.P3_EbayTestNG -->
